<?xml version="1.0" encoding="UTF-8"?>
<!-- Generated by org.testng.reporters.JUnitReportReporter -->
<testsuite hostname="suji" failures="0" tests="1" name="com.rmg.crudTest.CreateProjectTest_BDD" time="1.845" errors="0" timestamp="21 Jun 2021 06:20:00 GMT">
  <testcase classname="com.rmg.crudTest.CreateProjectTest_BDD" name="CreateProjectTestBdd" time="1.845"/>
</testsuite> <!-- com.rmg.crudTest.CreateProjectTest_BDD -->
