<?xml version="1.0" encoding="UTF-8"?>
<!-- Generated by org.testng.reporters.JUnitReportReporter -->
<testsuite hostname="suji" failures="0" tests="1" name="ProjectCreation_4_Ways.Using_JSON_OBJ" time="2.511" errors="0" timestamp="21 Jun 2021 15:54:33 GMT">
  <testcase classname="ProjectCreation_4_Ways.Using_JSON_OBJ" name="createProjectJSON" time="2.511"/>
</testsuite> <!-- ProjectCreation_4_Ways.Using_JSON_OBJ -->
