<?xml version="1.0" encoding="UTF-8"?>
<!-- Generated by org.testng.reporters.JUnitReportReporter -->
<testsuite hostname="suji" failures="0" tests="1" name="ProjectCreation_4_Ways.Using_HashMap" time="2.327" errors="0" timestamp="21 Jun 2021 15:59:11 GMT">
  <testcase classname="ProjectCreation_4_Ways.Using_HashMap" name="createProjectHashMapTest" time="2.327"/>
</testsuite> <!-- ProjectCreation_4_Ways.Using_HashMap -->
