<?xml version="1.0" encoding="UTF-8"?>
<!-- Generated by org.testng.reporters.JUnitReportReporter -->
<testsuite hostname="suji" failures="0" tests="1" name="com.rmg.crudTest.GellAllProjects_BDD" time="1.806" errors="0" timestamp="21 Jun 2021 06:11:27 GMT">
  <testcase classname="com.rmg.crudTest.GellAllProjects_BDD" name="getAllProjectBDDtest" time="1.806"/>
</testsuite> <!-- com.rmg.crudTest.GellAllProjects_BDD -->
