<?xml version="1.0" encoding="UTF-8"?>
<!-- Generated by org.testng.reporters.JUnitReportReporter -->
<testsuite hostname="suji" failures="0" tests="1" name="ProjectCreation_4_Ways.Using_Json_file" time="2.138" errors="0" timestamp="21 Jun 2021 16:05:02 GMT">
  <testcase classname="ProjectCreation_4_Ways.Using_Json_file" name="createProjectUsingJsonFileTest" time="2.138"/>
</testsuite> <!-- ProjectCreation_4_Ways.Using_Json_file -->
