<?xml version="1.0" encoding="UTF-8"?>
<!-- Generated by org.testng.reporters.JUnitReportReporter -->
<testsuite hostname="suji" failures="0" tests="1" name="com.rmg.crudTest.CreateProjectTest" time="1.949" errors="0" timestamp="21 Jun 2021 06:17:20 GMT">
  <testcase classname="com.rmg.crudTest.CreateProjectTest" name="createProjecttest" time="1.949"/>
</testsuite> <!-- com.rmg.crudTest.CreateProjectTest -->
