<?xml version="1.0" encoding="UTF-8"?>
<!-- Generated by org.testng.reporters.JUnitReportReporter -->
<testsuite hostname="suji" failures="0" tests="1" name="com.rmg.crudTest.UpdateProject" time="2.260" errors="0" timestamp="21 Jun 2021 06:29:56 GMT">
  <testcase classname="com.rmg.crudTest.UpdateProject" name="updateProjectTest" time="2.260"/>
</testsuite> <!-- com.rmg.crudTest.UpdateProject -->
