<?xml version="1.0" encoding="UTF-8"?>
<!-- Generated by org.testng.reporters.JUnitReportReporter -->
<testsuite hostname="suji" failures="0" tests="1" name="com.rmg.crudTest.DeleteProject" time="1.922" errors="0" timestamp="21 Jun 2021 06:23:43 GMT">
  <testcase classname="com.rmg.crudTest.DeleteProject" name="deleteProjectTest" time="1.922"/>
</testsuite> <!-- com.rmg.crudTest.DeleteProject -->
