<?xml version="1.0" encoding="UTF-8"?>
<!-- Generated by org.testng.reporters.JUnitReportReporter -->
<testsuite hostname="suji" failures="0" tests="1" name="com.rmg.Authentication.BasicAuthTest" time="7.408" errors="0" timestamp="22 Jun 2021 05:22:00 GMT">
  <testcase classname="com.rmg.Authentication.BasicAuthTest" name="auth_Basic" time="7.408"/>
</testsuite> <!-- com.rmg.Authentication.BasicAuthTest -->
