<?xml version="1.0" encoding="UTF-8"?>
<!-- Generated by org.testng.reporters.JUnitReportReporter -->
<testsuite hostname="suji" failures="0" tests="1" name="com.rmg.crudTest.GellAllProjects" time="1.803" errors="0" timestamp="21 Jun 2021 05:58:46 GMT">
  <testcase classname="com.rmg.crudTest.GellAllProjects" name="getAllProjectsTest" time="1.803"/>
</testsuite> <!-- com.rmg.crudTest.GellAllProjects -->
