<?xml version="1.0" encoding="UTF-8"?>
<!-- Generated by org.testng.reporters.JUnitReportReporter -->
<testsuite hostname="suji" failures="0" tests="1" name="ProjectCreation_4_Ways.Using_POJO_CLass" time="2.361" errors="0" timestamp="21 Jun 2021 16:46:37 GMT">
  <testcase classname="ProjectCreation_4_Ways.Using_POJO_CLass" name="CreatProject_Pojo_Test" time="2.361"/>
</testsuite> <!-- ProjectCreation_4_Ways.Using_POJO_CLass -->
