<?xml version="1.0" encoding="UTF-8"?>
<!-- Generated by org.testng.reporters.JUnitReportReporter -->
<testsuite hostname="suji" failures="0" tests="1" name="com.rmg.TestProject.SampleProjectREST" time="1.815" errors="0" timestamp="21 Jun 2021 05:44:39 GMT">
  <testcase classname="com.rmg.TestProject.SampleProjectREST" name="getAllProjectTest" time="1.815"/>
</testsuite> <!-- com.rmg.TestProject.SampleProjectREST -->
