<?xml version="1.0" encoding="UTF-8"?>
<!-- Generated by org.testng.reporters.JUnitReportReporter -->
<testsuite hostname="suji" failures="0" tests="1" name="ProjectCreation_4_Ways.CreatProject_Pojo_Test2" time="2.343" errors="0" timestamp="21 Jun 2021 16:59:01 GMT">
  <testcase classname="ProjectCreation_4_Ways.CreatProject_Pojo_Test2" name="createProjectPOJO2" time="2.343"/>
</testsuite> <!-- ProjectCreation_4_Ways.CreatProject_Pojo_Test2 -->
