<?xml version="1.0" encoding="UTF-8"?>
<!-- Generated by org.testng.reporters.JUnitReportReporter -->
<testsuite hostname="suji" failures="0" tests="1" name="com.rmg.Authentication.DiffAuthenticationTest" time="1.785" errors="0" timestamp="22 Jun 2021 10:23:31 GMT">
  <testcase classname="com.rmg.Authentication.DiffAuthenticationTest" name="basicAuth" time="1.785"/>
</testsuite> <!-- com.rmg.Authentication.DiffAuthenticationTest -->
